<?xml version="1.0" encoding="UTF-8"?>
<!-- Generated by org.testng.reporters.JUnitReportReporter -->
<testsuite skipped="0" hostname="LAPTOP-7N9NOA3S" name="com.java.motorcycle.E2E_Test_Case" tests="3" failures="0" timestamp="2023-03-03T23:15:45 GMT" time="79.891" errors="0">
  <testcase name="insurance_Calculate" time="25.931" classname="com.java.motorcycle.E2E_Test_Case"/>
  <system-out/>
  <testcase name="insurance_Calculate" time="27.657" classname="com.java.motorcycle.E2E_Test_Case"/>
  <system-out/>
  <testcase name="insurance_Calculate" time="26.303" classname="com.java.motorcycle.E2E_Test_Case"/>
  <system-out/>
</testsuite> <!-- com.java.motorcycle.E2E_Test_Case -->
