<?xml version="1.0" encoding="UTF-8"?>
<!-- Generated by org.testng.reporters.JUnitReportReporter -->
<testsuite skipped="2" hostname="LAPTOP-7N9NOA3S" name="com.java.motorcycle.Error_Tests" tests="3" failures="0" timestamp="2023-02-21T18:39:50 GMT" time="5.682" errors="0">
  <testcase name="DDOptionsVerification" time="5.682" classname="com.java.motorcycle.Error_Tests"/>
  <system-out/>
  <testcase name="error_Message_Cylinder_Capacity" classname="com.java.motorcycle.Error_Tests">
    <skipped/>
  </testcase> <!-- error_Message_Cylinder_Capacity -->
  <system-out/>
  <testcase name="error_Message_Cylinder_Capacity2" classname="com.java.motorcycle.Error_Tests">
    <skipped/>
  </testcase> <!-- error_Message_Cylinder_Capacity2 -->
  <system-out/>
</testsuite> <!-- com.java.motorcycle.Error_Tests -->
